<?xml version="1.0" encoding="UTF-8"?>
<!-- Generated by org.testng.reporters.JUnitReportReporter -->
<testsuite hostname="LAPTOP-DFFR9J4H" failures="1" tests="1" name="Runner.TestNGRunner" time="8.908" errors="0" timestamp="2023-05-02T21:40:27 AST" skipped="0">
  <testcase classname="Runner.TestNGRunner" name="runScenario" time="8.908">
    <failure message="null" type="java.lang.AssertionError">
      <![CDATA[java.lang.AssertionError: null
at org.testng.Assert.fail(Assert.java:110)
at org.testng.Assert.fail(Assert.java:115)
at stepdefinitions.NinjaRegister.user_should_get_successfully_registered(NinjaRegister.java:77)
at âœ½.User should get successfully Registered(file:///D:/SeliniumWorkspace/CucumberBDD/src/test/java/features/NinjaRegister.feature:16)
]]>
    </failure>
  </testcase> <!-- runScenario -->
  <system-out/>
</testsuite> <!-- Runner.TestNGRunner -->
