<?xml version="1.0" encoding="UTF-8"?>
<!-- Generated by org.testng.reporters.JUnitXMLReporter -->
<testsuite ignored="0" hostname="LAPTOP-DFFR9J4H" failures="7" tests="9" name="BankingApp Test" time="77.079" errors="0" timestamp="2023-05-11T19:55:45 AST">
  <testcase classname="com.icnetbanking.testcases.TC_Login_001_Test" name="CheckValidUserPwdforLogin" time="4.217"/>
  <testcase classname="com.icnetbanking.testcases.TC_Login_001_Test" name="CheckInValidUserPwdforLogin" time="7.739">
    <failure type="java.lang.AssertionError" message="expected [true] but found [false]">
      <![CDATA[java.lang.AssertionError: expected [true] but found [false]
at com.icnetbanking.testcases.TC_Login_001_Test.CheckInValidUserPwdforLogin(TC_Login_001_Test.java:94)
at java.base/java.util.ArrayList.forEach(ArrayList.java:1511)
... Removed 31 stack frames]]>
    </failure>
  </testcase> <!-- CheckInValidUserPwdforLogin -->
  <testcase classname="com.icnetbanking.testcases.TC_Login_001_Test" name="CheckInValidUserValidPwdforLogin" time="3.972">
    <failure type="java.lang.AssertionError" message="expected [true] but found [false]">
      <![CDATA[java.lang.AssertionError: expected [true] but found [false]
at com.icnetbanking.testcases.TC_Login_001_Test.CheckInValidUserValidPwdforLogin(TC_Login_001_Test.java:123)
at java.base/java.util.ArrayList.forEach(ArrayList.java:1511)
... Removed 31 stack frames]]>
    </failure>
  </testcase> <!-- CheckInValidUserValidPwdforLogin -->
  <testcase classname="com.icnetbanking.testcases.TC_Login_002_Test" name="InvalidCredentialsLogin" time="4.569"/>
  <testcase classname="com.icnetbanking.testcases.TC_Login_002_Test" name="InvalidCredentialsLogin" time="7.767">
    <failure type="java.lang.AssertionError" message="expected [true] but found [false]">
      <![CDATA[java.lang.AssertionError: expected [true] but found [false]
at com.icnetbanking.testcases.TC_Login_002_Test.InvalidCredentialsLogin(TC_Login_002_Test.java:47)
at java.base/java.util.ArrayList.forEach(ArrayList.java:1511)
... Removed 31 stack frames]]>
    </failure>
  </testcase> <!-- InvalidCredentialsLogin -->
  <testcase classname="com.icnetbanking.testcases.TC_Login_002_Test" name="InvalidCredentialsLogin" time="4.04">
    <failure type="java.lang.AssertionError" message="expected [true] but found [false]">
      <![CDATA[java.lang.AssertionError: expected [true] but found [false]
at com.icnetbanking.testcases.TC_Login_002_Test.InvalidCredentialsLogin(TC_Login_002_Test.java:40)
at java.base/java.util.ArrayList.forEach(ArrayList.java:1511)
... Removed 31 stack frames]]>
    </failure>
  </testcase> <!-- InvalidCredentialsLogin -->
  <testcase classname="com.icnetbanking.testcases.TC_Register_003_Test" name="RegisterNewAccount" time="5.158">
    <failure type="java.lang.AssertionError">
      <![CDATA[java.lang.AssertionError
at org.junit.Assert.fail(Assert.java:86)
at org.junit.Assert.assertTrue(Assert.java:41)
at org.junit.Assert.assertTrue(Assert.java:52)
at com.icnetbanking.testcases.TC_Register_003_Test.RegisterNewAccount(TC_Register_003_Test.java:57)
at java.base/java.util.ArrayList.forEach(ArrayList.java:1511)
... Removed 27 stack frames]]>
    </failure>
  </testcase> <!-- RegisterNewAccount -->
  <testcase classname="com.icnetbanking.testcases.TC_Register_003_Test" name="RegisterNewAccount" time="4.584">
    <failure type="java.lang.AssertionError">
      <![CDATA[java.lang.AssertionError
at org.junit.Assert.fail(Assert.java:86)
at org.junit.Assert.assertTrue(Assert.java:41)
at org.junit.Assert.assertTrue(Assert.java:52)
at com.icnetbanking.testcases.TC_Register_003_Test.RegisterNewAccount(TC_Register_003_Test.java:57)
at java.base/java.util.ArrayList.forEach(ArrayList.java:1511)
... Removed 27 stack frames]]>
    </failure>
  </testcase> <!-- RegisterNewAccount -->
  <testcase classname="com.icnetbanking.testcases.TC_Register_003_Test" name="RegisterNewAccount" time="4.63">
    <failure type="java.lang.AssertionError">
      <![CDATA[java.lang.AssertionError
at org.junit.Assert.fail(Assert.java:86)
at org.junit.Assert.assertTrue(Assert.java:41)
at org.junit.Assert.assertTrue(Assert.java:52)
at com.icnetbanking.testcases.TC_Register_003_Test.RegisterNewAccount(TC_Register_003_Test.java:57)
at java.base/java.util.ArrayList.forEach(ArrayList.java:1511)
... Removed 27 stack frames]]>
    </failure>
  </testcase> <!-- RegisterNewAccount -->
</testsuite> <!-- BankingApp Test -->
