<?xml version="1.0" encoding="UTF-8"?>
<!-- Generated by org.testng.reporters.JUnitXMLReporter -->
<testsuite ignored="0" hostname="LAPTOP-DFFR9J4H" failures="1" tests="1" name="Test" time="8.195" errors="0" timestamp="2022-12-14T19:47:59 AST">
  <testcase classname="io.cucumber.testng.AbstractTestNGCucumberTests" name="runScenario" time="7.712">
    <failure type="java.lang.AssertionError" message="null">
      <![CDATA[java.lang.AssertionError: null
at stepdefinitions.NinjaRegister.user_should_get_successfully_registered(NinjaRegister.java:77)
at âœ½.User should get successfully Registered(file:///D:/SeliniumWorkspace/cucumber/src/test/java/features/NinjaRegister.feature:15)
... Removed 2 stack frames]]>
    </failure>
  </testcase> <!-- runScenario -->
</testsuite> <!-- Test -->
