<?xml version="1.0" encoding="UTF-8"?>
<!-- Generated by org.testng.reporters.JUnitXMLReporter -->
<testsuite ignored="0" hostname="LAPTOP-DFFR9J4H" failures="1" tests="1" name="Default test" time="10.782" errors="0" timestamp="2023-05-02T21:38:04 AST">
  <testcase classname="io.cucumber.testng.AbstractTestNGCucumberTests" name="runScenario" time="10.141">
    <failure type="java.lang.AssertionError" message="null">
      <![CDATA[java.lang.AssertionError: null
at org.testng.Assert.fail(Assert.java:110)
at org.testng.Assert.fail(Assert.java:115)
at stepdefinitions.NinjaRegister.user_should_get_successfully_registered(NinjaRegister.java:77)
at âœ½.User should get successfully Registered(file:///D:/SeliniumWorkspace/CucumberBDD/src/test/java/features/NinjaRegister.feature:16)
]]>
    </failure>
  </testcase> <!-- runScenario -->
</testsuite> <!-- Default test -->
