<?xml version="1.0" encoding="UTF-8"?>
<!-- Generated by org.testng.reporters.JUnitXMLReporter -->
<testsuite ignored="0" hostname="LAPTOP-DFFR9J4H" failures="1" tests="6" name="Test" time="0.146" errors="0" timestamp="2023-05-03T11:55:34 AST">
  <testcase classname="Dependsonmethods.Testdependency2" name="test1" time="0.013"/>
  <testcase classname="Dependsonmethods.Testdependency2" name="test2" time="0.002">
    <failure type="java.lang.ArithmeticException" message="/ by zero">
      <![CDATA[java.lang.ArithmeticException: / by zero
at Dependsonmethods.Testdependency2.test2(Testdependency2.java:12)
at java.base/java.util.ArrayList.forEach(ArrayList.java:1511)
... Removed 27 stack frames]]>
    </failure>
  </testcase> <!-- test2 -->
  <testcase classname="Dependsonmethods.Testdependency2" name="test3" time="0.002"/>
  <testcase classname="Dependsonmethods.Testdependency2" name="test4" time="0.0">
    <skipped/>
  </testcase> <!-- test4 -->
  <testcase classname="Dependsonmethods.Testdependency2" name="test5" time="0.001">
    <skipped/>
  </testcase> <!-- test5 -->
  <testcase classname="Dependsonmethods.Testdependency2" name="test6" time="0.0">
    <skipped/>
  </testcase> <!-- test6 -->
</testsuite> <!-- Test -->
