-------------------------------------------------------------------------------
Test set: TestSuite
-------------------------------------------------------------------------------
Tests run: 1, Failures: 1, Errors: 0, Skipped: 0, Time elapsed: 8.694 s <<< FAILURE! - in TestSuite
Runner.TestNGRunner.runScenario["Register in Tutorial Ninja application with valid details", "Register in Tutorial Ninja application"](1)  Time elapsed: 7.719 s  <<< FAILURE!
java.lang.AssertionError: null
	at org.testng.Assert.fail(Assert.java:110)
	at org.testng.Assert.fail(Assert.java:115)
	at stepdefinitions.NinjaRegister.user_should_get_successfully_registered(NinjaRegister.java:77)
	at âœ½.User should get successfully Registered(file:///D:/SeliniumWorkspace/cucumber/src/test/java/features/NinjaRegister.feature:15)

