<?xml version="1.0" encoding="UTF-8"?>
<testng-results ignored="0" total="1" passed="0" failed="1" skipped="0">
  <reporter-output>
  </reporter-output>
  <suite started-at="2022-11-09T09:26:21 AST" name="Default suite" finished-at="2022-11-09T09:26:29 AST" duration-ms="8202">
    <groups>
    </groups>
    <test started-at="2022-11-09T09:26:21 AST" name="Default test" finished-at="2022-11-09T09:26:29 AST" duration-ms="8202">
      <class name="ExtentReportsPackage.ExtentReportTest">
        <test-method is-config="true" signature="configuration()[pri:0, instance:ExtentReportsPackage.ExtentReportTest@229c6181]" started-at="2022-11-09T09:26:21 AST" name="configuration" finished-at="2022-11-09T09:26:21 AST" duration-ms="297" status="PASS">
          <reporter-output>
          </reporter-output>
        </test-method> <!-- configuration -->
        <test-method signature="mone()[pri:0, instance:ExtentReportsPackage.ExtentReportTest@229c6181]" started-at="2022-11-09T09:26:21 AST" name="mone" finished-at="2022-11-09T09:26:29 AST" duration-ms="7526" status="FAIL">
          <exception class="java.lang.AssertionError">
            <message>
              <![CDATA[expected:<PracticeAutomationHere> but was:<PracticeAutomationHereABC>]]>
            </message>
            <full-stacktrace>
              <![CDATA[java.lang.AssertionError: expected:<PracticeAutomationHere> but was:<PracticeAutomationHereABC>
at org.testng.AssertJUnit.assertEquals(AssertJUnit.java:115)
at org.testng.AssertJUnit.assertEquals(AssertJUnit.java:125)
at ExtentReportsPackage.ExtentReportTest.mone(ExtentReportTest.java:53)
at java.base/jdk.internal.reflect.NativeMethodAccessorImpl.invoke0(Native Method)
at java.base/jdk.internal.reflect.NativeMethodAccessorImpl.invoke(NativeMethodAccessorImpl.java:77)
at java.base/jdk.internal.reflect.DelegatingMethodAccessorImpl.invoke(DelegatingMethodAccessorImpl.java:43)
at java.base/java.lang.reflect.Method.invoke(Method.java:568)
at org.testng.internal.invokers.MethodInvocationHelper.invokeMethod(MethodInvocationHelper.java:139)
at org.testng.internal.invokers.TestInvoker.invokeMethod(TestInvoker.java:677)
at org.testng.internal.invokers.TestInvoker.invokeTestMethod(TestInvoker.java:221)
at org.testng.internal.invokers.MethodRunner.runInSequence(MethodRunner.java:50)
at org.testng.internal.invokers.TestInvoker$MethodInvocationAgent.invoke(TestInvoker.java:962)
at org.testng.internal.invokers.TestInvoker.invokeTestMethods(TestInvoker.java:194)
at org.testng.internal.invokers.TestMethodWorker.invokeTestMethods(TestMethodWorker.java:148)
at org.testng.internal.invokers.TestMethodWorker.run(TestMethodWorker.java:128)
at java.base/java.util.ArrayList.forEach(ArrayList.java:1511)
at org.testng.TestRunner.privateRun(TestRunner.java:806)
at org.testng.TestRunner.run(TestRunner.java:601)
at org.testng.SuiteRunner.runTest(SuiteRunner.java:433)
at org.testng.SuiteRunner.runSequentially(SuiteRunner.java:427)
at org.testng.SuiteRunner.privateRun(SuiteRunner.java:387)
at org.testng.SuiteRunner.run(SuiteRunner.java:330)
at org.testng.SuiteRunnerWorker.runSuite(SuiteRunnerWorker.java:52)
at org.testng.SuiteRunnerWorker.run(SuiteRunnerWorker.java:95)
at org.testng.TestNG.runSuitesSequentially(TestNG.java:1256)
at org.testng.TestNG.runSuitesLocally(TestNG.java:1176)
at org.testng.TestNG.runSuites(TestNG.java:1099)
at org.testng.TestNG.run(TestNG.java:1067)
at org.testng.remote.AbstractRemoteTestNG.run(AbstractRemoteTestNG.java:115)
at org.testng.remote.RemoteTestNG.initAndRun(RemoteTestNG.java:251)
at org.testng.remote.RemoteTestNG.main(RemoteTestNG.java:77)
]]>
            </full-stacktrace>
          </exception> <!-- java.lang.AssertionError -->
          <reporter-output>
          </reporter-output>
        </test-method> <!-- mone -->
        <test-method is-config="true" signature="closure()[pri:0, instance:ExtentReportsPackage.ExtentReportTest@229c6181]" started-at="2022-11-09T09:26:29 AST" name="closure" finished-at="2022-11-09T09:26:29 AST" duration-ms="323" status="PASS">
          <reporter-output>
          </reporter-output>
        </test-method> <!-- closure -->
      </class> <!-- ExtentReportsPackage.ExtentReportTest -->
    </test> <!-- Default test -->
  </suite> <!-- Default suite -->
</testng-results>
