<?xml version="1.0" encoding="UTF-8"?>
<testng-results ignored="0" total="1" passed="0" failed="1" skipped="0">
  <reporter-output>
  </reporter-output>
  <suite started-at="2023-05-02T21:40:17 AST" name="Suite" finished-at="2023-05-02T21:40:27 AST" duration-ms="9795">
    <groups>
      <group name="cucumber">
        <method signature="AbstractTestNGCucumberTests.runScenario(io.cucumber.testng.PickleWrapper,io.cucumber.testng.FeatureWrapper)[pri:0, instance:Runner.TestNGRunner@233795b6]" name="runScenario" class="io.cucumber.testng.AbstractTestNGCucumberTests"/>
      </group> <!-- cucumber -->
    </groups>
    <test started-at="2023-05-02T21:40:17 AST" name="Test" finished-at="2023-05-02T21:40:27 AST" duration-ms="9795">
      <class name="Runner.TestNGRunner">
        <test-method is-config="true" signature="setUpClass(org.testng.ITestContext)[pri:0, instance:Runner.TestNGRunner@233795b6]" started-at="2023-05-02T21:40:17 AST" name="setUpClass" finished-at="2023-05-02T21:40:18 AST" duration-ms="799" status="PASS">
          <params>
            <param index="0">
              <value>
                <![CDATA[org.testng.TestRunner@b27b210]]>
              </value>
            </param>
          </params>
          <reporter-output>
          </reporter-output>
        </test-method> <!-- setUpClass -->
        <test-method signature="runScenario(io.cucumber.testng.PickleWrapper,io.cucumber.testng.FeatureWrapper)[pri:0, instance:Runner.TestNGRunner@233795b6]" started-at="2023-05-02T21:40:18 AST" name="runScenario" description="Runs Cucumber Scenarios" data-provider="scenarios" finished-at="2023-05-02T21:40:27 AST" duration-ms="8908" status="FAIL">
          <params>
            <param index="0">
              <value>
                <![CDATA["Register in Tutorial Ninja application with valid details"]]>
              </value>
            </param>
            <param index="1">
              <value>
                <![CDATA["Register in Tutorial Ninja application"]]>
              </value>
            </param>
          </params>
          <exception class="java.lang.AssertionError">
            <message>
              <![CDATA[null]]>
            </message>
            <full-stacktrace>
              <![CDATA[java.lang.AssertionError: null
at org.testng.Assert.fail(Assert.java:110)
at org.testng.Assert.fail(Assert.java:115)
at stepdefinitions.NinjaRegister.user_should_get_successfully_registered(NinjaRegister.java:77)
at âœ½.User should get successfully Registered(file:///D:/SeliniumWorkspace/CucumberBDD/src/test/java/features/NinjaRegister.feature:16)
]]>
            </full-stacktrace>
          </exception> <!-- java.lang.AssertionError -->
          <reporter-output>
          </reporter-output>
        </test-method> <!-- runScenario -->
        <test-method is-config="true" signature="tearDownClass()[pri:0, instance:Runner.TestNGRunner@233795b6]" started-at="2023-05-02T21:40:27 AST" name="tearDownClass" finished-at="2023-05-02T21:40:27 AST" duration-ms="21" status="PASS">
          <reporter-output>
          </reporter-output>
        </test-method> <!-- tearDownClass -->
      </class> <!-- Runner.TestNGRunner -->
    </test> <!-- Test -->
  </suite> <!-- Suite -->
</testng-results>
