<!DOCTYPE html PUBLIC "-//W3C//DTD XHTML 1.1//EN" "https://www.w3.org/TR/xhtml11/DTD/xhtml11.dtd">
<html xmlns="https://www.w3.org/1999/xhtml">
<head>
<meta http-equiv="content-type" content="text/html; charset=UTF-8"/>
<title>TestNG Report</title>
<style type="text/css">table {margin-bottom:10px;border-collapse:collapse;empty-cells:show}th,td {border:1px solid #009;padding:.25em .5em}th {vertical-align:bottom}td {vertical-align:top}table a {font-weight:bold}.stripe td {background-color: #E6EBF9}.num {text-align:right}.passedodd td {background-color: #3F3}.passedeven td {background-color: #0A0}.skippedodd td {background-color: #DDD}.skippedeven td {background-color: #CCC}.failedodd td,.attn {background-color: #F33}.failedeven td,.stripe .attn {background-color: #D00}.stacktrace {white-space:pre;font-family:monospace}.totop {font-size:85%;text-align:center;border-bottom:2px solid #000}.invisible {display:none}</style>
</head>
<body>
<table>
<tr><th>Test</th><th># Passed</th><th># Skipped</th><th># Retried</th><th># Failed</th><th>Time (ms)</th><th>Included Groups</th><th>Excluded Groups</th></tr>
<tr><th colspan="8">IcNetbanking</th></tr>
<tr><td><a href="#t0">BankingApp Test</a></td><td class="num">2</td><td class="num">0</td><td class="num">0</td><td class="num attn">7</td><td class="num">77,079</td><td></td><td></td></tr>
</table>
<table id='summary'><thead><tr><th>Class</th><th>Method</th><th>Start</th><th>Time (ms)</th></tr></thead><tbody><tr><th colspan="4">IcNetbanking</th></tr></tbody><tbody id="t0"><tr><th colspan="4">BankingApp Test &#8212; failed</th></tr><tr class="failedeven"><td rowspan="2">com.icnetbanking.testcases.TC_Login_001_Test</td><td><a href="#m0">CheckInValidUserPwdforLogin</a></td><td rowspan="1">1683824079510</td><td rowspan="1">7739</td></tr><tr class="failedeven"><td><a href="#m1">CheckInValidUserValidPwdforLogin</a></td><td rowspan="1">1683824090722</td><td rowspan="1">3972</td></tr><tr class="failedodd"><td rowspan="2">com.icnetbanking.testcases.TC_Login_002_Test</td><td><a href="#m2">InvalidCredentialsLogin</a></td><td rowspan="2">1683824105414</td><td rowspan="2">7767</td></tr><tr class="failedodd"><td><a href="#m3">InvalidCredentialsLogin</a></td></tr><tr class="failedeven"><td rowspan="3">com.icnetbanking.testcases.TC_Register_003_Test</td><td><a href="#m4">RegisterNewAccount</a></td><td rowspan="3">1683824132068</td><td rowspan="3">4584</td></tr><tr class="failedeven"><td><a href="#m5">RegisterNewAccount</a></td></tr><tr class="failedeven"><td><a href="#m6">RegisterNewAccount</a></td></tr><tr><th colspan="4">BankingApp Test &#8212; passed</th></tr><tr class="passedeven"><td rowspan="1">com.icnetbanking.testcases.TC_Login_001_Test</td><td><a href="#m7">CheckValidUserPwdforLogin</a></td><td rowspan="1">1683824072341</td><td rowspan="1">4217</td></tr><tr class="passedodd"><td rowspan="1">com.icnetbanking.testcases.TC_Login_002_Test</td><td><a href="#m8">InvalidCredentialsLogin</a></td><td rowspan="1">1683824098058</td><td rowspan="1">4569</td></tr></tbody>
</table>
<h2>BankingApp Test</h2><h3 id="m0">com.icnetbanking.testcases.TC_Login_001_Test#CheckInValidUserPwdforLogin</h3><table class="result"><tr class="param"><th>Parameter #1</th><th>Parameter #2</th></tr><tr class="param stripe"><td>swetha2010@gmail.com</td><td>selenium@123</td></tr><tr><th colspan="2">Exception</th></tr><tr><td colspan="2"><div class="stacktrace">java.lang.AssertionError: expected [true] but found [false]
	at com.icnetbanking.testcases.TC_Login_001_Test.CheckInValidUserPwdforLogin(TC_Login_001_Test.java:94)
	at java.base/java.util.ArrayList.forEach(ArrayList.java:1511)
... Removed 31 stack frames</div></td></tr></table><p class="totop"><a href="#summary">back to summary</a></p>
<h3 id="m1">com.icnetbanking.testcases.TC_Login_001_Test#CheckInValidUserValidPwdforLogin</h3><table class="result"><tr class="param"><th>Parameter #1</th><th>Parameter #2</th></tr><tr class="param stripe"><td>latha@gmail.com</td><td>selenium@123</td></tr><tr><th colspan="2">Exception</th></tr><tr><td colspan="2"><div class="stacktrace">java.lang.AssertionError: expected [true] but found [false]
	at com.icnetbanking.testcases.TC_Login_001_Test.CheckInValidUserValidPwdforLogin(TC_Login_001_Test.java:123)
	at java.base/java.util.ArrayList.forEach(ArrayList.java:1511)
... Removed 31 stack frames</div></td></tr></table><p class="totop"><a href="#summary">back to summary</a></p>
<h3 id="m2">com.icnetbanking.testcases.TC_Login_002_Test#InvalidCredentialsLogin</h3><table class="result"><tr class="param"><th>Parameter #1</th><th>Parameter #2</th><th>Parameter #3</th></tr><tr class="param stripe"><td>swetha2010@gmail.com</td><td>selenium@123</td><td>Warning: No match for E-Mail Address and/or Password.</td></tr><tr><th colspan="3">Exception</th></tr><tr><td colspan="3"><div class="stacktrace">java.lang.AssertionError: expected [true] but found [false]
	at com.icnetbanking.testcases.TC_Login_002_Test.InvalidCredentialsLogin(TC_Login_002_Test.java:47)
	at java.base/java.util.ArrayList.forEach(ArrayList.java:1511)
... Removed 31 stack frames</div></td></tr></table><p class="totop"><a href="#summary">back to summary</a></p>
<h3 id="m3">com.icnetbanking.testcases.TC_Login_002_Test#InvalidCredentialsLogin</h3><table class="result"><tr class="param"><th>Parameter #1</th><th>Parameter #2</th><th>Parameter #3</th></tr><tr class="param stripe"><td>latha@gmail.com</td><td>pass@123</td><td>Warning: No match for E-Mail Address and/or Password.</td></tr><tr><th colspan="3">Exception</th></tr><tr><td colspan="3"><div class="stacktrace">java.lang.AssertionError: expected [true] but found [false]
	at com.icnetbanking.testcases.TC_Login_002_Test.InvalidCredentialsLogin(TC_Login_002_Test.java:40)
	at java.base/java.util.ArrayList.forEach(ArrayList.java:1511)
... Removed 31 stack frames</div></td></tr></table><p class="totop"><a href="#summary">back to summary</a></p>
<h3 id="m4">com.icnetbanking.testcases.TC_Register_003_Test#RegisterNewAccount</h3><table class="result"><tr class="param"><th>Parameter #1</th><th>Parameter #2</th><th>Parameter #3</th><th>Parameter #4</th><th>Parameter #5</th></tr><tr class="param stripe"><td>jamuna</td><td>soundar</td><td>jamuna1234@gmail.com</td><td>5454454</td><td>test@124</td></tr><tr><th colspan="5">Exception</th></tr><tr><td colspan="5"><div class="stacktrace">java.lang.AssertionError
	at org.junit.Assert.fail(Assert.java:86)
	at org.junit.Assert.assertTrue(Assert.java:41)
	at org.junit.Assert.assertTrue(Assert.java:52)
	at com.icnetbanking.testcases.TC_Register_003_Test.RegisterNewAccount(TC_Register_003_Test.java:57)
	at java.base/java.util.ArrayList.forEach(ArrayList.java:1511)
... Removed 27 stack frames</div></td></tr></table><p class="totop"><a href="#summary">back to summary</a></p>
<h3 id="m5">com.icnetbanking.testcases.TC_Register_003_Test#RegisterNewAccount</h3><table class="result"><tr class="param"><th>Parameter #1</th><th>Parameter #2</th><th>Parameter #3</th><th>Parameter #4</th><th>Parameter #5</th></tr><tr class="param stripe"><td>nandhini</td><td>bala</td><td>nandhini7890@gmail.com</td><td>4545435</td><td>test@125</td></tr><tr><th colspan="5">Exception</th></tr><tr><td colspan="5"><div class="stacktrace">java.lang.AssertionError
	at org.junit.Assert.fail(Assert.java:86)
	at org.junit.Assert.assertTrue(Assert.java:41)
	at org.junit.Assert.assertTrue(Assert.java:52)
	at com.icnetbanking.testcases.TC_Register_003_Test.RegisterNewAccount(TC_Register_003_Test.java:57)
	at java.base/java.util.ArrayList.forEach(ArrayList.java:1511)
... Removed 27 stack frames</div></td></tr></table><p class="totop"><a href="#summary">back to summary</a></p>
<h3 id="m6">com.icnetbanking.testcases.TC_Register_003_Test#RegisterNewAccount</h3><table class="result"><tr class="param"><th>Parameter #1</th><th>Parameter #2</th><th>Parameter #3</th><th>Parameter #4</th><th>Parameter #5</th></tr><tr class="param stripe"><td>mayuri</td><td>kamal</td><td>mayuri2010@gmail.com</td><td>4545454</td><td>test@123</td></tr><tr><th colspan="5">Exception</th></tr><tr><td colspan="5"><div class="stacktrace">java.lang.AssertionError
	at org.junit.Assert.fail(Assert.java:86)
	at org.junit.Assert.assertTrue(Assert.java:41)
	at org.junit.Assert.assertTrue(Assert.java:52)
	at com.icnetbanking.testcases.TC_Register_003_Test.RegisterNewAccount(TC_Register_003_Test.java:57)
	at java.base/java.util.ArrayList.forEach(ArrayList.java:1511)
... Removed 27 stack frames</div></td></tr></table><p class="totop"><a href="#summary">back to summary</a></p>
<h3 id="m7">com.icnetbanking.testcases.TC_Login_001_Test#CheckValidUserPwdforLogin</h3><table class="result"><tr><th class="invisible"/></tr></table><p class="totop"><a href="#summary">back to summary</a></p>
<h3 id="m8">com.icnetbanking.testcases.TC_Login_002_Test#InvalidCredentialsLogin</h3><table class="result"><tr class="param"><th>Parameter #1</th><th>Parameter #2</th><th>Parameter #3</th></tr><tr class="param stripe"><td>poornima1982@gmail.com</td><td>selenium@1234</td><td>Warning: No match for E-Mail Address and/or Password.</td></tr></table><p class="totop"><a href="#summary">back to summary</a></p>
</body>
</html>
