<?xml version="1.0" encoding="UTF-8"?>
<!-- Generated by org.testng.reporters.JUnitReportReporter -->
<testsuite hostname="LAPTOP-DFFR9J4H" failures="1" tests="1" name="Runner.TestNGRunner" time="7.712" errors="0" timestamp="2022-12-14T19:47:59 AST" skipped="0">
  <testcase classname="Runner.TestNGRunner" name="runScenario" time="7.712">
    <failure message="null" type="java.lang.AssertionError">
      <![CDATA[java.lang.AssertionError: null
at org.testng.Assert.fail(Assert.java:110)
at org.testng.Assert.fail(Assert.java:115)
at stepdefinitions.NinjaRegister.user_should_get_successfully_registered(NinjaRegister.java:77)
at âœ½.User should get successfully Registered(file:///D:/SeliniumWorkspace/cucumber/src/test/java/features/NinjaRegister.feature:15)
]]>
    </failure>
  </testcase> <!-- runScenario -->
  <system-out/>
</testsuite> <!-- Runner.TestNGRunner -->
